<?xml version="1.0" encoding="UTF-8"?>
<!-- Generated by org.testng.reporters.JUnitXMLReporter -->
<testsuite ignored="0" hostname="DESKTOP-C00EN1E" failures="0" tests="3" name="testname" time="0.081" errors="0" timestamp="2021-06-17T00:51:29 PDT">
  <testcase classname="testing.DependenciesMange" name="school" time="0.011"/>
  <testcase classname="testing.DependenciesMange" name="higherSchool" time="0.003"/>
  <testcase classname="testing.DependenciesMange" name="collage" time="0.001"/>
</testsuite> <!-- testname -->
